# JRE version: OpenJDK Runtime Environment (8.0_112-b06) (build 1.8.0_112-release-b06)
# Java VM: OpenJDK 64-Bit Server VM (25.112-b06 mixed mode linux-amd64 compressed oops)
Heap:
 PSYoungGen      total 118784K, used 8688K [0x00000000e0000000, 0x00000000e7d00000, 0x0000000100000000)
  eden space 110080K, 0% used [0x00000000e0000000,0x00000000e0000000,0x00000000e6b80000)
  from space 8704K, 99% used [0x00000000e6c00000,0x00000000e747c1f0,0x00000000e7480000)
  to   space 7168K, 0% used [0x00000000e7600000,0x00000000e7600000,0x00000000e7d00000)
 ParOldGen       total 47104K, used 26568K [0x00000000a0000000, 0x00000000a2e00000, 0x00000000e0000000)
  object space 47104K, 56% used [0x00000000a0000000,0x00000000a19f2240,0x00000000a2e00000)
 Metaspace       used 47782K, capacity 49270K, committed 49328K, reserved 1091584K
  class space    used 6516K, capacity 6822K, committed 6832K, reserved 1048576K
GC Heap History (10 events):
Event: 11,712 GC heap after
Heap after GC invocations=10 (full 1):
 PSYoungGen      total 65536K, used 6284K [0x00000000e0000000, 0x00000000e5b80000, 0x0000000100000000)
  eden space 58880K, 0% used [0x00000000e0000000,0x00000000e0000000,0x00000000e3980000)
  from space 6656K, 94% used [0x00000000e3980000,0x00000000e3fa3098,0x00000000e4000000)
  to   space 7168K, 0% used [0x00000000e5480000,0x00000000e5480000,0x00000000e5b80000)
 ParOldGen       total 31744K, used 8175K [0x00000000a0000000, 0x00000000a1f00000, 0x00000000e0000000)
  object space 31744K, 25% used [0x00000000a0000000,0x00000000a07fbd10,0x00000000a1f00000)
 Metaspace       used 28191K, capacity 28712K, committed 28976K, reserved 1075200K
  class space    used 3861K, capacity 4023K, committed 4144K, reserved 1048576K
}
Event: 15,568 GC heap before
{Heap before GC invocations=11 (full 1):
 PSYoungGen      total 65536K, used 65164K [0x00000000e0000000, 0x00000000e5b80000, 0x0000000100000000)
  eden space 58880K, 100% used [0x00000000e0000000,0x00000000e3980000,0x00000000e3980000)
  from space 6656K, 94% used [0x00000000e3980000,0x00000000e3fa3098,0x00000000e4000000)
  to   space 7168K, 0% used [0x00000000e5480000,0x00000000e5480000,0x00000000e5b80000)
 ParOldGen       total 31744K, used 8175K [0x00000000a0000000, 0x00000000a1f00000, 0x00000000e0000000)
  object space 31744K, 25% used [0x00000000a0000000,0x00000000a07fbd10,0x00000000a1f00000)
 Metaspace       used 31738K, capacity 32220K, committed 32432K, reserved 1077248K
  class space    used 4290K, capacity 4450K, committed 4528K, reserved 1048576K
Event: 15,599 GC heap after
Heap after GC invocations=11 (full 1):
 PSYoungGen      total 86016K, used 5918K [0x00000000e0000000, 0x00000000e6200000, 0x0000000100000000)
  eden space 78848K, 0% used [0x00000000e0000000,0x00000000e0000000,0x00000000e4d00000)
  from space 7168K, 82% used [0x00000000e5480000,0x00000000e5a47ae0,0x00000000e5b80000)
  to   space 7680K, 0% used [0x00000000e4d00000,0x00000000e4d00000,0x00000000e5480000)
 ParOldGen       total 31744K, used 9827K [0x00000000a0000000, 0x00000000a1f00000, 0x00000000e0000000)
  object space 31744K, 30% used [0x00000000a0000000,0x00000000a0998d30,0x00000000a1f00000)
 Metaspace       used 31738K, capacity 32220K, committed 32432K, reserved 1077248K
  class space    used 4290K, capacity 4450K, committed 4528K, reserved 1048576K
}
Event: 17,113 GC heap before
{Heap before GC invocations=12 (full 1):
 PSYoungGen      total 86016K, used 57826K [0x00000000e0000000, 0x00000000e6200000, 0x0000000100000000)
  eden space 78848K, 65% used [0x00000000e0000000,0x00000000e32b1008,0x00000000e4d00000)
  from space 7168K, 82% used [0x00000000e5480000,0x00000000e5a47ae0,0x00000000e5b80000)
  to   space 7680K, 0% used [0x00000000e4d00000,0x00000000e4d00000,0x00000000e5480000)
 ParOldGen       total 31744K, used 9827K [0x00000000a0000000, 0x00000000a1f00000, 0x00000000e0000000)
  object space 31744K, 30% used [0x00000000a0000000,0x00000000a0998d30,0x00000000a1f00000)
 Metaspace       used 34679K, capacity 35290K, committed 35496K, reserved 1079296K
  class space    used 4657K, capacity 4855K, committed 4912K, reserved 1048576K
Event: 17,146 GC heap after
Heap after GC invocations=12 (full 1):
 PSYoungGen      total 86528K, used 4133K [0x00000000e0000000, 0x00000000e7d00000, 0x0000000100000000)
  eden space 78848K, 0% used [0x00000000e0000000,0x00000000e0000000,0x00000000e4d00000)
  from space 7680K, 53% used [0x00000000e4d00000,0x00000000e51094c0,0x00000000e5480000)
  to   space 7168K, 0% used [0x00000000e7600000,0x00000000e7600000,0x00000000e7d00000)
 ParOldGen       total 31744K, used 13339K [0x00000000a0000000, 0x00000000a1f00000, 0x00000000e0000000)
  object space 31744K, 42% used [0x00000000a0000000,0x00000000a0d06dc0,0x00000000a1f00000)
 Metaspace       used 34679K, capacity 35290K, committed 35496K, reserved 1079296K
  class space    used 4657K, capacity 4855K, committed 4912K, reserved 1048576K
}
Event: 17,158 GC heap before
{Heap before GC invocations=13 (full 2):
 PSYoungGen      total 86528K, used 4133K [0x00000000e0000000, 0x00000000e7d00000, 0x0000000100000000)
  eden space 78848K, 0% used [0x00000000e0000000,0x00000000e0000000,0x00000000e4d00000)
  from space 7680K, 53% used [0x00000000e4d00000,0x00000000e51094c0,0x00000000e5480000)
  to   space 7168K, 0% used [0x00000000e7600000,0x00000000e7600000,0x00000000e7d00000)
 ParOldGen       total 31744K, used 13339K [0x00000000a0000000, 0x00000000a1f00000, 0x00000000e0000000)
  object space 31744K, 42% used [0x00000000a0000000,0x00000000a0d06dc0,0x00000000a1f00000)
 Metaspace       used 34679K, capacity 35290K, committed 35496K, reserved 1079296K
  class space    used 4657K, capacity 4855K, committed 4912K, reserved 1048576K
Event: 17,244 GC heap after
Heap after GC invocations=13 (full 2):
 PSYoungGen      total 86528K, used 0K [0x00000000e0000000, 0x00000000e7d00000, 0x0000000100000000)
  eden space 78848K, 0% used [0x00000000e0000000,0x00000000e0000000,0x00000000e4d00000)
  from space 7680K, 0% used [0x00000000e4d00000,0x00000000e4d00000,0x00000000e5480000)
  to   space 7168K, 0% used [0x00000000e7600000,0x00000000e7600000,0x00000000e7d00000)
 ParOldGen       total 47104K, used 15980K [0x00000000a0000000, 0x00000000a2e00000, 0x00000000e0000000)
  object space 47104K, 33% used [0x00000000a0000000,0x00000000a0f9b370,0x00000000a2e00000)
 Metaspace       used 34679K, capacity 35290K, committed 35496K, reserved 1079296K
  class space    used 4657K, capacity 4855K, committed 4912K, reserved 1048576K
}
Event: 20,653 GC heap before
{Heap before GC invocations=14 (full 2):
 PSYoungGen      total 86528K, used 78848K [0x00000000e0000000, 0x00000000e7d00000, 0x0000000100000000)
  eden space 78848K, 100% used [0x00000000e0000000,0x00000000e4d00000,0x00000000e4d00000)
  from space 7680K, 0% used [0x00000000e4d00000,0x00000000e4d00000,0x00000000e5480000)
  to   space 7168K, 0% used [0x00000000e7600000,0x00000000e7600000,0x00000000e7d00000)
 ParOldGen       total 47104K, used 15980K [0x00000000a0000000, 0x00000000a2e00000, 0x00000000e0000000)
  object space 47104K, 33% used [0x00000000a0000000,0x00000000a0f9b370,0x00000000a2e00000)
 Metaspace       used 41740K, capacity 42492K, committed 42800K, reserved 1085440K
  class space    used 5615K, capacity 5813K, committed 5936K, reserved 1048576K
Event: 20,672 GC heap after
Heap after GC invocations=14 (full 2):
 PSYoungGen      total 117248K, used 7141K [0x00000000e0000000, 0x00000000e7d00000, 0x0000000100000000)
  eden space 110080K, 0% used [0x00000000e0000000,0x00000000e0000000,0x00000000e6b80000)
  from space 7168K, 99% used [0x00000000e7600000,0x00000000e7cf94c0,0x00000000e7d00000)
  to   space 8704K, 0% used [0x00000000e6c00000,0x00000000e6c00000,0x00000000e7480000)
 ParOldGen       total 47104K, used 17653K [0x00000000a0000000, 0x00000000a2e00000, 0x00000000e0000000)
  object space 47104K, 37% used [0x00000000a0000000,0x00000000a113d530,0x00000000a2e00000)
 Metaspace       used 41740K, capacity 42492K, committed 42800K, reserved 1085440K
  class space    used 5615K, capacity 5813K, committed 5936K, reserved 1048576K
}
Event: 27,639 GC heap before
{Heap before GC invocations=15 (full 2):
 PSYoungGen      total 117248K, used 117221K [0x00000000e0000000, 0x00000000e7d00000, 0x0000000100000000)
  eden space 110080K, 100% used [0x00000000e0000000,0x00000000e6b80000,0x00000000e6b80000)
  from space 7168K, 99% used [0x00000000e7600000,0x00000000e7cf94c0,0x00000000e7d00000)
  to   space 8704K, 0% used [0x00000000e6c00000,0x00000000e6c00000,0x00000000e7480000)
 ParOldGen       total 47104K, used 17653K [0x00000000a0000000, 0x00000000a2e00000, 0x00000000e0000000)
  object space 47104K, 37% used [0x00000000a0000000,0x00000000a113d530,0x00000000a2e00000)
 Metaspace       used 47782K, capacity 49270K, committed 49328K, reserved 1091584K
  class space    used 6516K, capacity 6822K, committed 6832K, reserved 1048576K

